# JRE version: OpenJDK Runtime Environment (11.0.12+7) (build 11.0.12+7-b1504.28-7817840)
# Java VM: OpenJDK 64-Bit Server VM (11.0.12+7-b1504.28-7817840, mixed mode, tiered, compressed oops, g1 gc, windows-amd64)
Heap:
 garbage-first heap   total 648192K, used 240895K [0x0000000080000000, 0x0000000100000000)
  region size 1024K, 5 young (5120K), 5 survivors (5120K)
 Metaspace       used 211928K, capacity 217323K, committed 217472K, reserved 1239040K
  class space    used 26173K, capacity 28047K, committed 28108K, reserved 1048576K
GC Heap History (20 events):
Event: 1103.533 GC heap after
{Heap after GC invocations=134 (full 0):
 garbage-first heap   total 273408K, used 235520K [0x0000000080000000, 0x0000000100000000)
  region size 1024K, 2 young (2048K), 2 survivors (2048K)
 Metaspace       used 206760K, capacity 212216K, committed 212480K, reserved 1234944K
  class space    used 25781K, capacity 27662K, committed 27724K, reserved 1048576K
}
Event: 1103.723 GC heap before
{Heap before GC invocations=134 (full 0):
 garbage-first heap   total 273408K, used 248832K [0x0000000080000000, 0x0000000100000000)
  region size 1024K, 13 young (13312K), 2 survivors (2048K)
 Metaspace       used 206761K, capacity 212216K, committed 212480K, reserved 1234944K
  class space    used 25781K, capacity 27662K, committed 27724K, reserved 1048576K
}
Event: 1103.734 GC heap after
{Heap after GC invocations=135 (full 0):
 garbage-first heap   total 273408K, used 242925K [0x0000000080000000, 0x0000000100000000)
  region size 1024K, 2 young (2048K), 2 survivors (2048K)
 Metaspace       used 206761K, capacity 212216K, committed 212480K, reserved 1234944K
  class space    used 25781K, capacity 27662K, committed 27724K, reserved 1048576K
}
Event: 1103.895 GC heap before
{Heap before GC invocations=135 (full 0):
 garbage-first heap   total 273408K, used 253165K [0x0000000080000000, 0x0000000100000000)
  region size 1024K, 13 young (13312K), 2 survivors (2048K)
 Metaspace       used 206788K, capacity 212216K, committed 212480K, reserved 1234944K
  class space    used 25781K, capacity 27662K, committed 27724K, reserved 1048576K
}
Event: 1103.907 GC heap after
{Heap after GC invocations=136 (full 0):
 garbage-first heap   total 273408K, used 246784K [0x0000000080000000, 0x0000000100000000)
  region size 1024K, 2 young (2048K), 2 survivors (2048K)
 Metaspace       used 206788K, capacity 212216K, committed 212480K, reserved 1234944K
  class space    used 25781K, capacity 27662K, committed 27724K, reserved 1048576K
}
Event: 1104.092 GC heap before
{Heap before GC invocations=136 (full 0):
 garbage-first heap   total 273408K, used 258048K [0x0000000080000000, 0x0000000100000000)
  region size 1024K, 13 young (13312K), 2 survivors (2048K)
 Metaspace       used 206794K, capacity 212216K, committed 212480K, reserved 1234944K
  class space    used 25781K, capacity 27662K, committed 27724K, reserved 1048576K
}
Event: 1104.101 GC heap after
{Heap after GC invocations=137 (full 0):
 garbage-first heap   total 273408K, used 250506K [0x0000000080000000, 0x0000000100000000)
  region size 1024K, 2 young (2048K), 2 survivors (2048K)
 Metaspace       used 206794K, capacity 212216K, committed 212480K, reserved 1234944K
  class space    used 25781K, capacity 27662K, committed 27724K, reserved 1048576K
}
Event: 1104.611 GC heap before
{Heap before GC invocations=137 (full 0):
 garbage-first heap   total 273408K, used 255626K [0x0000000080000000, 0x0000000100000000)
  region size 1024K, 13 young (13312K), 2 survivors (2048K)
 Metaspace       used 207488K, capacity 212828K, committed 213120K, reserved 1234944K
  class space    used 25839K, capacity 27694K, committed 27852K, reserved 1048576K
}
Event: 1104.622 GC heap after
{Heap after GC invocations=138 (full 0):
 garbage-first heap   total 273408K, used 246063K [0x0000000080000000, 0x0000000100000000)
  region size 1024K, 2 young (2048K), 2 survivors (2048K)
 Metaspace       used 207488K, capacity 212828K, committed 213120K, reserved 1234944K
  class space    used 25839K, capacity 27694K, committed 27852K, reserved 1048576K
}
Event: 1105.038 GC heap before
{Heap before GC invocations=139 (full 0):
 garbage-first heap   total 273408K, used 256303K [0x0000000080000000, 0x0000000100000000)
  region size 1024K, 13 young (13312K), 2 survivors (2048K)
 Metaspace       used 207870K, capacity 213236K, committed 213376K, reserved 1234944K
  class space    used 25875K, capacity 27746K, committed 27852K, reserved 1048576K
}
Event: 1105.049 GC heap after
{Heap after GC invocations=140 (full 0):
 garbage-first heap   total 273408K, used 246703K [0x0000000080000000, 0x0000000100000000)
  region size 1024K, 2 young (2048K), 2 survivors (2048K)
 Metaspace       used 207870K, capacity 213236K, committed 213376K, reserved 1234944K
  class space    used 25875K, capacity 27746K, committed 27852K, reserved 1048576K
}
Event: 1105.445 GC heap before
{Heap before GC invocations=140 (full 0):
 garbage-first heap   total 273408K, used 266159K [0x0000000080000000, 0x0000000100000000)
  region size 1024K, 13 young (13312K), 2 survivors (2048K)
 Metaspace       used 207908K, capacity 213300K, committed 213632K, reserved 1234944K
  class space    used 25877K, capacity 27746K, committed 27852K, reserved 1048576K
}
Event: 1105.475 GC heap after
{Heap after GC invocations=141 (full 0):
 garbage-first heap   total 333824K, used 227943K [0x0000000080000000, 0x0000000100000000)
  region size 1024K, 2 young (2048K), 2 survivors (2048K)
 Metaspace       used 207908K, capacity 213300K, committed 213632K, reserved 1234944K
  class space    used 25877K, capacity 27746K, committed 27852K, reserved 1048576K
}
Event: 1105.913 GC heap before
{Heap before GC invocations=141 (full 0):
 garbage-first heap   total 333824K, used 241255K [0x0000000080000000, 0x0000000100000000)
  region size 1024K, 16 young (16384K), 2 survivors (2048K)
 Metaspace       used 207956K, capacity 213304K, committed 213632K, reserved 1234944K
  class space    used 25879K, capacity 27747K, committed 27852K, reserved 1048576K
}
Event: 1105.978 GC heap after
{Heap after GC invocations=142 (full 0):
 garbage-first heap   total 333824K, used 224256K [0x0000000080000000, 0x0000000100000000)
  region size 1024K, 2 young (2048K), 2 survivors (2048K)
 Metaspace       used 207956K, capacity 213304K, committed 213632K, reserved 1234944K
  class space    used 25879K, capacity 27747K, committed 27852K, reserved 1048576K
}
Event: 1106.694 GC heap before
{Heap before GC invocations=142 (full 0):
 garbage-first heap   total 333824K, used 273408K [0x0000000080000000, 0x0000000100000000)
  region size 1024K, 34 young (34816K), 2 survivors (2048K)
 Metaspace       used 208233K, capacity 213614K, committed 213888K, reserved 1234944K
  class space    used 25900K, capacity 27758K, committed 27852K, reserved 1048576K
}
Event: 1106.710 GC heap after
{Heap after GC invocations=143 (full 0):
 garbage-first heap   total 333824K, used 226820K [0x0000000080000000, 0x0000000100000000)
  region size 1024K, 5 young (5120K), 5 survivors (5120K)
 Metaspace       used 208233K, capacity 213614K, committed 213888K, reserved 1234944K
  class space    used 25900K, capacity 27758K, committed 27852K, reserved 1048576K
}
Event: 1107.692 GC heap before
{Heap before GC invocations=143 (full 0):
 garbage-first heap   total 333824K, used 259588K [0x0000000080000000, 0x0000000100000000)
  region size 1024K, 38 young (38912K), 5 survivors (5120K)
 Metaspace       used 209553K, capacity 214955K, committed 215296K, reserved 1236992K
  class space    used 25981K, capacity 27855K, committed 27980K, reserved 1048576K
}
Event: 1107.713 GC heap after
{Heap after GC invocations=144 (full 0):
 garbage-first heap   total 333824K, used 233598K [0x0000000080000000, 0x0000000100000000)
  region size 1024K, 5 young (5120K), 5 survivors (5120K)
 Metaspace       used 209553K, capacity 214955K, committed 215296K, reserved 1236992K
  class space    used 25981K, capacity 27855K, committed 27980K, reserved 1048576K
}
Event: 1108.311 GC heap before
{Heap before GC invocations=144 (full 0):
 garbage-first heap   total 333824K, used 266366K [0x0000000080000000, 0x0000000100000000)
  region size 1024K, 37 young (37888K), 5 survivors (5120K)
 Metaspace       used 211928K, capacity 217323K, committed 217472K, reserved 1239040K
  class space    used 26173K, capacity 28047K, committed 28108K, reserved 1048576K
}

